<?xml version="1.0" encoding="UTF-8"?>
<!-- Generated by org.testng.reporters.JUnitReportReporter -->
<testsuite hostname="LAPTOP-3M3CHCE8" failures="0" tests="2" name="T1.C1" time="0.232" errors="0" timestamp="2025-08-08T18:59:39 IST" skipped="0">
  <testcase classname="T1.C1" name="Test2" time="0.009"/>
  <system-out/>
  <testcase classname="T1.C1" name="Test1" time="0.223"/>
  <system-out/>
</testsuite> <!-- T1.C1 -->
