<?xml version="1.0" encoding="UTF-8"?>
<!-- Generated by org.testng.reporters.JUnitReportReporter -->
<testsuite hostname="LAPTOP-3M3CHCE8" failures="0" tests="2" name="Runner.Runnerclass" time="38.546" errors="0" timestamp="2025-08-11T19:39:51 IST" skipped="0">
  <testcase classname="Runner.Runnerclass" name="runScenario" time="17.565"/>
  <system-out/>
  <testcase classname="Runner.Runnerclass" name="runScenario" time="20.981"/>
  <system-out/>
</testsuite> <!-- Runner.Runnerclass -->
